<?xml version="1.0" encoding="UTF-8"?>
<testsuite xmlns:xsi="http://www.w3.org/2001/XMLSchema-instance" xsi:noNamespaceSchemaLocation="https://maven.apache.org/surefire/maven-surefire-plugin/xsd/surefire-test-report.xsd" name="com.wfb.manage.test.TestHelper" time="7.477" tests="1" errors="0" skipped="0" failures="0">
  <properties>
    <property name="sun.desktop" value="windows"/>
    <property name="awt.toolkit" value="sun.awt.windows.WToolkit"/>
    <property name="file.encoding.pkg" value="sun.io"/>
    <property name="java.specification.version" value="1.8"/>
    <property name="sun.cpu.isalist" value="amd64"/>
    <property name="sun.jnu.encoding" value="GBK"/>
    <property name="java.class.path" value="E:\wfb\wfb-service-market\target\test-classes;E:\wfb\wfb-service-market\target\classes;E:\develop\maven\repository\com\wfb\wfb-service-api\1.0-SNAPSHOT\wfb-service-api-1.0-SNAPSHOT.jar;E:\develop\maven\repository\commons-fileupload\commons-fileupload\1.3.3\commons-fileupload-1.3.3.jar;E:\develop\maven\repository\io\springfox\springfox-swagger2\2.7.0\springfox-swagger2-2.7.0.jar;E:\develop\maven\repository\io\swagger\swagger-annotations\1.5.13\swagger-annotations-1.5.13.jar;E:\develop\maven\repository\io\swagger\swagger-models\1.5.13\swagger-models-1.5.13.jar;E:\develop\maven\repository\com\fasterxml\jackson\core\jackson-annotations\2.9.0\jackson-annotations-2.9.0.jar;E:\develop\maven\repository\io\springfox\springfox-spi\2.7.0\springfox-spi-2.7.0.jar;E:\develop\maven\repository\io\springfox\springfox-core\2.7.0\springfox-core-2.7.0.jar;E:\develop\maven\repository\io\springfox\springfox-schema\2.7.0\springfox-schema-2.7.0.jar;E:\develop\maven\repository\io\springfox\springfox-swagger-common\2.7.0\springfox-swagger-common-2.7.0.jar;E:\develop\maven\repository\io\springfox\springfox-spring-web\2.7.0\springfox-spring-web-2.7.0.jar;E:\develop\maven\repository\org\reflections\reflections\0.9.11\reflections-0.9.11.jar;E:\develop\maven\repository\com\fasterxml\classmate\1.3.4\classmate-1.3.4.jar;E:\develop\maven\repository\org\slf4j\slf4j-api\1.7.25\slf4j-api-1.7.25.jar;E:\develop\maven\repository\org\springframework\plugin\spring-plugin-core\1.2.0.RELEASE\spring-plugin-core-1.2.0.RELEASE.jar;E:\develop\maven\repository\org\springframework\plugin\spring-plugin-metadata\1.2.0.RELEASE\spring-plugin-metadata-1.2.0.RELEASE.jar;E:\develop\maven\repository\org\mapstruct\mapstruct\1.1.0.Final\mapstruct-1.1.0.Final.jar;E:\develop\maven\repository\io\springfox\springfox-swagger-ui\2.7.0\springfox-swagger-ui-2.7.0.jar;E:\develop\maven\repository\com\alibaba\fastjson\1.2.30\fastjson-1.2.30.jar;E:\develop\maven\repository\commons-io\commons-io\2.6\commons-io-2.6.jar;E:\develop\maven\repository\org\apache\commons\commons-lang3\3.6\commons-lang3-3.6.jar;E:\develop\maven\repository\com\wfb\wfb-framework-common\1.0-SNAPSHOT\wfb-framework-common-1.0-SNAPSHOT.jar;E:\develop\maven\repository\org\projectlombok\lombok\1.16.16\lombok-1.16.16.jar;E:\develop\maven\repository\com\google\guava\guava\24.0-jre\guava-24.0-jre.jar;E:\develop\maven\repository\com\google\code\findbugs\jsr305\1.3.9\jsr305-1.3.9.jar;E:\develop\maven\repository\org\checkerframework\checker-compat-qual\2.0.0\checker-compat-qual-2.0.0.jar;E:\develop\maven\repository\com\google\errorprone\error_prone_annotations\2.1.3\error_prone_annotations-2.1.3.jar;E:\develop\maven\repository\com\google\j2objc\j2objc-annotations\1.1\j2objc-annotations-1.1.jar;E:\develop\maven\repository\org\codehaus\mojo\animal-sniffer-annotations\1.14\animal-sniffer-annotations-1.14.jar;E:\develop\maven\repository\org\springframework\spring-web\5.0.5.RELEASE\spring-web-5.0.5.RELEASE.jar;E:\develop\maven\repository\org\springframework\spring-beans\5.0.5.RELEASE\spring-beans-5.0.5.RELEASE.jar;E:\develop\maven\repository\org\springframework\cloud\spring-cloud-starter-feign\1.3.6.RELEASE\spring-cloud-starter-feign-1.3.6.RELEASE.jar;E:\develop\maven\repository\org\springframework\cloud\spring-cloud-starter\2.0.1.RELEASE\spring-cloud-starter-2.0.1.RELEASE.jar;E:\develop\maven\repository\org\springframework\cloud\spring-cloud-context\2.0.1.RELEASE\spring-cloud-context-2.0.1.RELEASE.jar;E:\develop\maven\repository\org\springframework\security\spring-security-rsa\1.0.5.RELEASE\spring-security-rsa-1.0.5.RELEASE.jar;E:\develop\maven\repository\org\springframework\cloud\spring-cloud-netflix-core\2.0.1.RELEASE\spring-cloud-netflix-core-2.0.1.RELEASE.jar;E:\develop\maven\repository\org\springframework\cloud\spring-cloud-commons\2.0.1.RELEASE\spring-cloud-commons-2.0.1.RELEASE.jar;E:\develop\maven\repository\io\github\openfeign\feign-core\9.5.1\feign-core-9.5.1.jar;E:\develop\maven\repository\io\github\openfeign\feign-slf4j\9.5.1\feign-slf4j-9.5.1.jar;E:\develop\maven\repository\io\github\openfeign\feign-hystrix\9.5.1\feign-hystrix-9.5.1.jar;E:\develop\maven\repository\com\netflix\archaius\archaius-core\0.7.6\archaius-core-0.7.6.jar;E:\develop\maven\repository\com\netflix\hystrix\hystrix-core\1.5.12\hystrix-core-1.5.12.jar;E:\develop\maven\repository\org\hdrhistogram\HdrHistogram\2.1.9\HdrHistogram-2.1.9.jar;E:\develop\maven\repository\org\springframework\cloud\spring-cloud-starter-ribbon\1.3.6.RELEASE\spring-cloud-starter-ribbon-1.3.6.RELEASE.jar;E:\develop\maven\repository\com\netflix\ribbon\ribbon\2.2.5\ribbon-2.2.5.jar;E:\develop\maven\repository\com\netflix\ribbon\ribbon-transport\2.2.5\ribbon-transport-2.2.5.jar;E:\develop\maven\repository\io\reactivex\rxnetty-contexts\0.4.9\rxnetty-contexts-0.4.9.jar;E:\develop\maven\repository\io\reactivex\rxnetty-servo\0.4.9\rxnetty-servo-0.4.9.jar;E:\develop\maven\repository\javax\inject\javax.inject\1\javax.inject-1.jar;E:\develop\maven\repository\io\reactivex\rxnetty\0.4.9\rxnetty-0.4.9.jar;E:\develop\maven\repository\io\netty\netty-codec-http\4.1.23.Final\netty-codec-http-4.1.23.Final.jar;E:\develop\maven\repository\io\netty\netty-codec\4.1.23.Final\netty-codec-4.1.23.Final.jar;E:\develop\maven\repository\io\netty\netty-transport-native-epoll\4.1.23.Final\netty-transport-native-epoll-4.1.23.Final.jar;E:\develop\maven\repository\io\netty\netty-common\4.1.23.Final\netty-common-4.1.23.Final.jar;E:\develop\maven\repository\io\netty\netty-buffer\4.1.23.Final\netty-buffer-4.1.23.Final.jar;E:\develop\maven\repository\io\netty\netty-transport-native-unix-common\4.1.23.Final\netty-transport-native-unix-common-4.1.23.Final.jar;E:\develop\maven\repository\io\netty\netty-transport\4.1.23.Final\netty-transport-4.1.23.Final.jar;E:\develop\maven\repository\io\netty\netty-resolver\4.1.23.Final\netty-resolver-4.1.23.Final.jar;E:\develop\maven\repository\com\netflix\ribbon\ribbon-core\2.2.5\ribbon-core-2.2.5.jar;E:\develop\maven\repository\commons-lang\commons-lang\2.6\commons-lang-2.6.jar;E:\develop\maven\repository\com\netflix\ribbon\ribbon-httpclient\2.2.5\ribbon-httpclient-2.2.5.jar;E:\develop\maven\repository\commons-collections\commons-collections\3.2.2\commons-collections-3.2.2.jar;E:\develop\maven\repository\com\sun\jersey\jersey-client\1.19.1\jersey-client-1.19.1.jar;E:\develop\maven\repository\com\sun\jersey\jersey-core\1.19.1\jersey-core-1.19.1.jar;E:\develop\maven\repository\javax\ws\rs\jsr311-api\1.1.1\jsr311-api-1.1.1.jar;E:\develop\maven\repository\com\sun\jersey\contribs\jersey-apache-client4\1.19.1\jersey-apache-client4-1.19.1.jar;E:\develop\maven\repository\com\netflix\servo\servo-core\0.12.21\servo-core-0.12.21.jar;E:\develop\maven\repository\com\netflix\netflix-commons\netflix-commons-util\0.3.0\netflix-commons-util-0.3.0.jar;E:\develop\maven\repository\com\netflix\ribbon\ribbon-loadbalancer\2.2.5\ribbon-loadbalancer-2.2.5.jar;E:\develop\maven\repository\com\netflix\netflix-commons\netflix-statistics\0.1.1\netflix-statistics-0.1.1.jar;E:\develop\maven\repository\io\reactivex\rxjava\1.3.8\rxjava-1.3.8.jar;E:\develop\maven\repository\org\springframework\cloud\spring-cloud-starter-archaius\1.3.6.RELEASE\spring-cloud-starter-archaius-1.3.6.RELEASE.jar;E:\develop\maven\repository\commons-configuration\commons-configuration\1.8\commons-configuration-1.8.jar;E:\develop\maven\repository\com\fasterxml\jackson\core\jackson-core\2.9.5\jackson-core-2.9.5.jar;E:\develop\maven\repository\com\wfb\wfb-framework-model\1.0-SNAPSHOT\wfb-framework-model-1.0-SNAPSHOT.jar;E:\develop\maven\repository\org\springframework\data\spring-data-commons\2.0.6.RELEASE\spring-data-commons-2.0.6.RELEASE.jar;E:\develop\maven\repository\org\springframework\data\spring-data-mongodb\2.0.6.RELEASE\spring-data-mongodb-2.0.6.RELEASE.jar;E:\develop\maven\repository\org\springframework\spring-tx\5.0.5.RELEASE\spring-tx-5.0.5.RELEASE.jar;E:\develop\maven\repository\org\springframework\spring-context\5.0.5.RELEASE\spring-context-5.0.5.RELEASE.jar;E:\develop\maven\repository\org\springframework\spring-expression\5.0.5.RELEASE\spring-expression-5.0.5.RELEASE.jar;E:\develop\maven\repository\org\mongodb\mongo-java-driver\3.6.3\mongo-java-driver-3.6.3.jar;E:\develop\maven\repository\org\hibernate\hibernate-core\5.2.16.Final\hibernate-core-5.2.16.Final.jar;E:\develop\maven\repository\org\jboss\logging\jboss-logging\3.3.2.Final\jboss-logging-3.3.2.Final.jar;E:\develop\maven\repository\org\hibernate\javax\persistence\hibernate-jpa-2.1-api\1.0.0.Final\hibernate-jpa-2.1-api-1.0.0.Final.jar;E:\develop\maven\repository\org\javassist\javassist\3.22.0-GA\javassist-3.22.0-GA.jar;E:\develop\maven\repository\antlr\antlr\2.7.7\antlr-2.7.7.jar;E:\develop\maven\repository\org\jboss\spec\javax\transaction\jboss-transaction-api_1.2_spec\1.0.1.Final\jboss-transaction-api_1.2_spec-1.0.1.Final.jar;E:\develop\maven\repository\org\jboss\jandex\2.0.3.Final\jandex-2.0.3.Final.jar;E:\develop\maven\repository\dom4j\dom4j\1.6.1\dom4j-1.6.1.jar;E:\develop\maven\repository\org\hibernate\common\hibernate-commons-annotations\5.0.1.Final\hibernate-commons-annotations-5.0.1.Final.jar;E:\develop\maven\repository\com\wfb\wfb-framework-utils\1.0-SNAPSHOT\wfb-framework-utils-1.0-SNAPSHOT.jar;E:\develop\maven\repository\javax\servlet\javax.servlet-api\3.1.0\javax.servlet-api-3.1.0.jar;E:\develop\maven\repository\org\springframework\boot\spring-boot-starter-logging\2.0.1.RELEASE\spring-boot-starter-logging-2.0.1.RELEASE.jar;E:\develop\maven\repository\ch\qos\logback\logback-classic\1.2.3\logback-classic-1.2.3.jar;E:\develop\maven\repository\ch\qos\logback\logback-core\1.2.3\logback-core-1.2.3.jar;E:\develop\maven\repository\org\apache\logging\log4j\log4j-to-slf4j\2.10.0\log4j-to-slf4j-2.10.0.jar;E:\develop\maven\repository\org\apache\logging\log4j\log4j-api\2.10.0\log4j-api-2.10.0.jar;E:\develop\maven\repository\org\slf4j\jul-to-slf4j\1.7.25\jul-to-slf4j-1.7.25.jar;E:\develop\maven\repository\org\apache\httpcomponents\httpclient\4.5.5\httpclient-4.5.5.jar;E:\develop\maven\repository\org\apache\httpcomponents\httpcore\4.4.9\httpcore-4.4.9.jar;E:\develop\maven\repository\commons-codec\commons-codec\1.10\commons-codec-1.10.jar;E:\develop\maven\repository\net\lingala\zip4j\zip4j\1.3.1\zip4j-1.3.1.jar;E:\develop\maven\repository\org\springframework\security\spring-security-crypto\5.0.4.RELEASE\spring-security-crypto-5.0.4.RELEASE.jar;E:\develop\maven\repository\org\springframework\security\spring-security-jwt\1.0.8.RELEASE\spring-security-jwt-1.0.8.RELEASE.jar;E:\develop\maven\repository\org\bouncycastle\bcpkix-jdk15on\1.56\bcpkix-jdk15on-1.56.jar;E:\develop\maven\repository\org\bouncycastle\bcprov-jdk15on\1.56\bcprov-jdk15on-1.56.jar;E:\develop\maven\repository\org\springframework\boot\spring-boot-starter-web\2.0.1.RELEASE\spring-boot-starter-web-2.0.1.RELEASE.jar;E:\develop\maven\repository\org\springframework\boot\spring-boot-starter\2.0.1.RELEASE\spring-boot-starter-2.0.1.RELEASE.jar;E:\develop\maven\repository\org\springframework\boot\spring-boot\2.0.1.RELEASE\spring-boot-2.0.1.RELEASE.jar;E:\develop\maven\repository\org\springframework\boot\spring-boot-autoconfigure\2.0.1.RELEASE\spring-boot-autoconfigure-2.0.1.RELEASE.jar;E:\develop\maven\repository\javax\annotation\javax.annotation-api\1.3.2\javax.annotation-api-1.3.2.jar;E:\develop\maven\repository\org\yaml\snakeyaml\1.19\snakeyaml-1.19.jar;E:\develop\maven\repository\org\springframework\boot\spring-boot-starter-json\2.0.1.RELEASE\spring-boot-starter-json-2.0.1.RELEASE.jar;E:\develop\maven\repository\com\fasterxml\jackson\core\jackson-databind\2.9.5\jackson-databind-2.9.5.jar;E:\develop\maven\repository\com\fasterxml\jackson\datatype\jackson-datatype-jdk8\2.9.5\jackson-datatype-jdk8-2.9.5.jar;E:\develop\maven\repository\com\fasterxml\jackson\datatype\jackson-datatype-jsr310\2.9.5\jackson-datatype-jsr310-2.9.5.jar;E:\develop\maven\repository\com\fasterxml\jackson\module\jackson-module-parameter-names\2.9.5\jackson-module-parameter-names-2.9.5.jar;E:\develop\maven\repository\org\springframework\boot\spring-boot-starter-tomcat\2.0.1.RELEASE\spring-boot-starter-tomcat-2.0.1.RELEASE.jar;E:\develop\maven\repository\org\apache\tomcat\embed\tomcat-embed-core\8.5.28\tomcat-embed-core-8.5.28.jar;E:\develop\maven\repository\org\apache\tomcat\embed\tomcat-embed-el\8.5.28\tomcat-embed-el-8.5.28.jar;E:\develop\maven\repository\org\apache\tomcat\embed\tomcat-embed-websocket\8.5.28\tomcat-embed-websocket-8.5.28.jar;E:\develop\maven\repository\org\hibernate\validator\hibernate-validator\6.0.9.Final\hibernate-validator-6.0.9.Final.jar;E:\develop\maven\repository\javax\validation\validation-api\2.0.1.Final\validation-api-2.0.1.Final.jar;E:\develop\maven\repository\org\springframework\spring-webmvc\5.0.5.RELEASE\spring-webmvc-5.0.5.RELEASE.jar;E:\develop\maven\repository\org\springframework\spring-aop\5.0.5.RELEASE\spring-aop-5.0.5.RELEASE.jar;E:\develop\maven\repository\org\springframework\boot\spring-boot-starter-test\2.0.1.RELEASE\spring-boot-starter-test-2.0.1.RELEASE.jar;E:\develop\maven\repository\org\springframework\boot\spring-boot-test\2.0.1.RELEASE\spring-boot-test-2.0.1.RELEASE.jar;E:\develop\maven\repository\org\springframework\boot\spring-boot-test-autoconfigure\2.0.1.RELEASE\spring-boot-test-autoconfigure-2.0.1.RELEASE.jar;E:\develop\maven\repository\com\jayway\jsonpath\json-path\2.4.0\json-path-2.4.0.jar;E:\develop\maven\repository\net\minidev\json-smart\2.3\json-smart-2.3.jar;E:\develop\maven\repository\net\minidev\accessors-smart\1.2\accessors-smart-1.2.jar;E:\develop\maven\repository\org\ow2\asm\asm\5.0.4\asm-5.0.4.jar;E:\develop\maven\repository\junit\junit\4.12\junit-4.12.jar;E:\develop\maven\repository\org\assertj\assertj-core\3.9.1\assertj-core-3.9.1.jar;E:\develop\maven\repository\org\mockito\mockito-core\2.15.0\mockito-core-2.15.0.jar;E:\develop\maven\repository\net\bytebuddy\byte-buddy\1.7.11\byte-buddy-1.7.11.jar;E:\develop\maven\repository\net\bytebuddy\byte-buddy-agent\1.7.11\byte-buddy-agent-1.7.11.jar;E:\develop\maven\repository\org\objenesis\objenesis\2.6\objenesis-2.6.jar;E:\develop\maven\repository\org\hamcrest\hamcrest-core\1.3\hamcrest-core-1.3.jar;E:\develop\maven\repository\org\hamcrest\hamcrest-library\1.3\hamcrest-library-1.3.jar;E:\develop\maven\repository\org\skyscreamer\jsonassert\1.5.0\jsonassert-1.5.0.jar;E:\develop\maven\repository\com\vaadin\external\google\android-json\0.0.20131108.vaadin1\android-json-0.0.20131108.vaadin1.jar;E:\develop\maven\repository\org\springframework\spring-core\5.0.5.RELEASE\spring-core-5.0.5.RELEASE.jar;E:\develop\maven\repository\org\springframework\spring-jcl\5.0.5.RELEASE\spring-jcl-5.0.5.RELEASE.jar;E:\develop\maven\repository\org\springframework\spring-test\5.0.5.RELEASE\spring-test-5.0.5.RELEASE.jar;E:\develop\maven\repository\org\xmlunit\xmlunit-core\2.5.1\xmlunit-core-2.5.1.jar;E:\develop\maven\repository\mysql\mysql-connector-java\8.0.11\mysql-connector-java-8.0.11.jar;E:\develop\maven\repository\com\google\protobuf\protobuf-java\2.6.0\protobuf-java-2.6.0.jar;E:\develop\maven\repository\org\mybatis\spring\boot\mybatis-spring-boot-starter\1.3.1\mybatis-spring-boot-starter-1.3.1.jar;E:\develop\maven\repository\org\springframework\boot\spring-boot-starter-jdbc\2.0.1.RELEASE\spring-boot-starter-jdbc-2.0.1.RELEASE.jar;E:\develop\maven\repository\com\zaxxer\HikariCP\2.7.8\HikariCP-2.7.8.jar;E:\develop\maven\repository\org\springframework\spring-jdbc\5.0.5.RELEASE\spring-jdbc-5.0.5.RELEASE.jar;E:\develop\maven\repository\org\mybatis\spring\boot\mybatis-spring-boot-autoconfigure\1.3.1\mybatis-spring-boot-autoconfigure-1.3.1.jar;E:\develop\maven\repository\org\mybatis\mybatis\3.4.5\mybatis-3.4.5.jar;E:\develop\maven\repository\org\mybatis\mybatis-spring\1.3.1\mybatis-spring-1.3.1.jar;E:\develop\maven\repository\org\springframework\boot\spring-boot-starter-data-jpa\2.0.1.RELEASE\spring-boot-starter-data-jpa-2.0.1.RELEASE.jar;E:\develop\maven\repository\org\springframework\boot\spring-boot-starter-aop\2.0.1.RELEASE\spring-boot-starter-aop-2.0.1.RELEASE.jar;E:\develop\maven\repository\org\aspectj\aspectjweaver\1.8.13\aspectjweaver-1.8.13.jar;E:\develop\maven\repository\javax\transaction\javax.transaction-api\1.2\javax.transaction-api-1.2.jar;E:\develop\maven\repository\org\springframework\data\spring-data-jpa\2.0.6.RELEASE\spring-data-jpa-2.0.6.RELEASE.jar;E:\develop\maven\repository\org\springframework\spring-orm\5.0.5.RELEASE\spring-orm-5.0.5.RELEASE.jar;E:\develop\maven\repository\org\springframework\spring-aspects\5.0.5.RELEASE\spring-aspects-5.0.5.RELEASE.jar;E:\develop\maven\repository\com\github\pagehelper\pagehelper\4.0.0\pagehelper-4.0.0.jar;E:\develop\maven\repository\com\github\jsqlparser\jsqlparser\0.9.1\jsqlparser-0.9.1.jar;"/>
    <property name="java.vm.vendor" value="Oracle Corporation"/>
    <property name="sun.arch.data.model" value="64"/>
    <property name="user.variant" value=""/>
    <property name="java.vendor.url" value="http://java.oracle.com/"/>
    <property name="user.timezone" value=""/>
    <property name="java.vm.specification.version" value="1.8"/>
    <property name="os.name" value="Windows 7"/>
    <property name="user.country" value="CN"/>
    <property name="sun.java.launcher" value="SUN_STANDARD"/>
    <property name="sun.boot.library.path" value="E:\Java\jdk1.8.0_191\jre\bin"/>
    <property name="sun.java.command" value="C:\Users\ADMINI~1\AppData\Local\Temp\surefire3579778733889330348\surefirebooter4289200931193214524.jar C:\Users\Administrator\AppData\Local\Temp\surefire3579778733889330348 2018-11-29T18-12-42_129-jvmRun1 surefire827914840074184874tmp surefire_09016369750527150134tmp"/>
    <property name="surefire.test.class.path" value="E:\wfb\wfb-service-market\target\test-classes;E:\wfb\wfb-service-market\target\classes;E:\develop\maven\repository\com\wfb\wfb-service-api\1.0-SNAPSHOT\wfb-service-api-1.0-SNAPSHOT.jar;E:\develop\maven\repository\commons-fileupload\commons-fileupload\1.3.3\commons-fileupload-1.3.3.jar;E:\develop\maven\repository\io\springfox\springfox-swagger2\2.7.0\springfox-swagger2-2.7.0.jar;E:\develop\maven\repository\io\swagger\swagger-annotations\1.5.13\swagger-annotations-1.5.13.jar;E:\develop\maven\repository\io\swagger\swagger-models\1.5.13\swagger-models-1.5.13.jar;E:\develop\maven\repository\com\fasterxml\jackson\core\jackson-annotations\2.9.0\jackson-annotations-2.9.0.jar;E:\develop\maven\repository\io\springfox\springfox-spi\2.7.0\springfox-spi-2.7.0.jar;E:\develop\maven\repository\io\springfox\springfox-core\2.7.0\springfox-core-2.7.0.jar;E:\develop\maven\repository\io\springfox\springfox-schema\2.7.0\springfox-schema-2.7.0.jar;E:\develop\maven\repository\io\springfox\springfox-swagger-common\2.7.0\springfox-swagger-common-2.7.0.jar;E:\develop\maven\repository\io\springfox\springfox-spring-web\2.7.0\springfox-spring-web-2.7.0.jar;E:\develop\maven\repository\org\reflections\reflections\0.9.11\reflections-0.9.11.jar;E:\develop\maven\repository\com\fasterxml\classmate\1.3.4\classmate-1.3.4.jar;E:\develop\maven\repository\org\slf4j\slf4j-api\1.7.25\slf4j-api-1.7.25.jar;E:\develop\maven\repository\org\springframework\plugin\spring-plugin-core\1.2.0.RELEASE\spring-plugin-core-1.2.0.RELEASE.jar;E:\develop\maven\repository\org\springframework\plugin\spring-plugin-metadata\1.2.0.RELEASE\spring-plugin-metadata-1.2.0.RELEASE.jar;E:\develop\maven\repository\org\mapstruct\mapstruct\1.1.0.Final\mapstruct-1.1.0.Final.jar;E:\develop\maven\repository\io\springfox\springfox-swagger-ui\2.7.0\springfox-swagger-ui-2.7.0.jar;E:\develop\maven\repository\com\alibaba\fastjson\1.2.30\fastjson-1.2.30.jar;E:\develop\maven\repository\commons-io\commons-io\2.6\commons-io-2.6.jar;E:\develop\maven\repository\org\apache\commons\commons-lang3\3.6\commons-lang3-3.6.jar;E:\develop\maven\repository\com\wfb\wfb-framework-common\1.0-SNAPSHOT\wfb-framework-common-1.0-SNAPSHOT.jar;E:\develop\maven\repository\org\projectlombok\lombok\1.16.16\lombok-1.16.16.jar;E:\develop\maven\repository\com\google\guava\guava\24.0-jre\guava-24.0-jre.jar;E:\develop\maven\repository\com\google\code\findbugs\jsr305\1.3.9\jsr305-1.3.9.jar;E:\develop\maven\repository\org\checkerframework\checker-compat-qual\2.0.0\checker-compat-qual-2.0.0.jar;E:\develop\maven\repository\com\google\errorprone\error_prone_annotations\2.1.3\error_prone_annotations-2.1.3.jar;E:\develop\maven\repository\com\google\j2objc\j2objc-annotations\1.1\j2objc-annotations-1.1.jar;E:\develop\maven\repository\org\codehaus\mojo\animal-sniffer-annotations\1.14\animal-sniffer-annotations-1.14.jar;E:\develop\maven\repository\org\springframework\spring-web\5.0.5.RELEASE\spring-web-5.0.5.RELEASE.jar;E:\develop\maven\repository\org\springframework\spring-beans\5.0.5.RELEASE\spring-beans-5.0.5.RELEASE.jar;E:\develop\maven\repository\org\springframework\cloud\spring-cloud-starter-feign\1.3.6.RELEASE\spring-cloud-starter-feign-1.3.6.RELEASE.jar;E:\develop\maven\repository\org\springframework\cloud\spring-cloud-starter\2.0.1.RELEASE\spring-cloud-starter-2.0.1.RELEASE.jar;E:\develop\maven\repository\org\springframework\cloud\spring-cloud-context\2.0.1.RELEASE\spring-cloud-context-2.0.1.RELEASE.jar;E:\develop\maven\repository\org\springframework\security\spring-security-rsa\1.0.5.RELEASE\spring-security-rsa-1.0.5.RELEASE.jar;E:\develop\maven\repository\org\springframework\cloud\spring-cloud-netflix-core\2.0.1.RELEASE\spring-cloud-netflix-core-2.0.1.RELEASE.jar;E:\develop\maven\repository\org\springframework\cloud\spring-cloud-commons\2.0.1.RELEASE\spring-cloud-commons-2.0.1.RELEASE.jar;E:\develop\maven\repository\io\github\openfeign\feign-core\9.5.1\feign-core-9.5.1.jar;E:\develop\maven\repository\io\github\openfeign\feign-slf4j\9.5.1\feign-slf4j-9.5.1.jar;E:\develop\maven\repository\io\github\openfeign\feign-hystrix\9.5.1\feign-hystrix-9.5.1.jar;E:\develop\maven\repository\com\netflix\archaius\archaius-core\0.7.6\archaius-core-0.7.6.jar;E:\develop\maven\repository\com\netflix\hystrix\hystrix-core\1.5.12\hystrix-core-1.5.12.jar;E:\develop\maven\repository\org\hdrhistogram\HdrHistogram\2.1.9\HdrHistogram-2.1.9.jar;E:\develop\maven\repository\org\springframework\cloud\spring-cloud-starter-ribbon\1.3.6.RELEASE\spring-cloud-starter-ribbon-1.3.6.RELEASE.jar;E:\develop\maven\repository\com\netflix\ribbon\ribbon\2.2.5\ribbon-2.2.5.jar;E:\develop\maven\repository\com\netflix\ribbon\ribbon-transport\2.2.5\ribbon-transport-2.2.5.jar;E:\develop\maven\repository\io\reactivex\rxnetty-contexts\0.4.9\rxnetty-contexts-0.4.9.jar;E:\develop\maven\repository\io\reactivex\rxnetty-servo\0.4.9\rxnetty-servo-0.4.9.jar;E:\develop\maven\repository\javax\inject\javax.inject\1\javax.inject-1.jar;E:\develop\maven\repository\io\reactivex\rxnetty\0.4.9\rxnetty-0.4.9.jar;E:\develop\maven\repository\io\netty\netty-codec-http\4.1.23.Final\netty-codec-http-4.1.23.Final.jar;E:\develop\maven\repository\io\netty\netty-codec\4.1.23.Final\netty-codec-4.1.23.Final.jar;E:\develop\maven\repository\io\netty\netty-transport-native-epoll\4.1.23.Final\netty-transport-native-epoll-4.1.23.Final.jar;E:\develop\maven\repository\io\netty\netty-common\4.1.23.Final\netty-common-4.1.23.Final.jar;E:\develop\maven\repository\io\netty\netty-buffer\4.1.23.Final\netty-buffer-4.1.23.Final.jar;E:\develop\maven\repository\io\netty\netty-transport-native-unix-common\4.1.23.Final\netty-transport-native-unix-common-4.1.23.Final.jar;E:\develop\maven\repository\io\netty\netty-transport\4.1.23.Final\netty-transport-4.1.23.Final.jar;E:\develop\maven\repository\io\netty\netty-resolver\4.1.23.Final\netty-resolver-4.1.23.Final.jar;E:\develop\maven\repository\com\netflix\ribbon\ribbon-core\2.2.5\ribbon-core-2.2.5.jar;E:\develop\maven\repository\commons-lang\commons-lang\2.6\commons-lang-2.6.jar;E:\develop\maven\repository\com\netflix\ribbon\ribbon-httpclient\2.2.5\ribbon-httpclient-2.2.5.jar;E:\develop\maven\repository\commons-collections\commons-collections\3.2.2\commons-collections-3.2.2.jar;E:\develop\maven\repository\com\sun\jersey\jersey-client\1.19.1\jersey-client-1.19.1.jar;E:\develop\maven\repository\com\sun\jersey\jersey-core\1.19.1\jersey-core-1.19.1.jar;E:\develop\maven\repository\javax\ws\rs\jsr311-api\1.1.1\jsr311-api-1.1.1.jar;E:\develop\maven\repository\com\sun\jersey\contribs\jersey-apache-client4\1.19.1\jersey-apache-client4-1.19.1.jar;E:\develop\maven\repository\com\netflix\servo\servo-core\0.12.21\servo-core-0.12.21.jar;E:\develop\maven\repository\com\netflix\netflix-commons\netflix-commons-util\0.3.0\netflix-commons-util-0.3.0.jar;E:\develop\maven\repository\com\netflix\ribbon\ribbon-loadbalancer\2.2.5\ribbon-loadbalancer-2.2.5.jar;E:\develop\maven\repository\com\netflix\netflix-commons\netflix-statistics\0.1.1\netflix-statistics-0.1.1.jar;E:\develop\maven\repository\io\reactivex\rxjava\1.3.8\rxjava-1.3.8.jar;E:\develop\maven\repository\org\springframework\cloud\spring-cloud-starter-archaius\1.3.6.RELEASE\spring-cloud-starter-archaius-1.3.6.RELEASE.jar;E:\develop\maven\repository\commons-configuration\commons-configuration\1.8\commons-configuration-1.8.jar;E:\develop\maven\repository\com\fasterxml\jackson\core\jackson-core\2.9.5\jackson-core-2.9.5.jar;E:\develop\maven\repository\com\wfb\wfb-framework-model\1.0-SNAPSHOT\wfb-framework-model-1.0-SNAPSHOT.jar;E:\develop\maven\repository\org\springframework\data\spring-data-commons\2.0.6.RELEASE\spring-data-commons-2.0.6.RELEASE.jar;E:\develop\maven\repository\org\springframework\data\spring-data-mongodb\2.0.6.RELEASE\spring-data-mongodb-2.0.6.RELEASE.jar;E:\develop\maven\repository\org\springframework\spring-tx\5.0.5.RELEASE\spring-tx-5.0.5.RELEASE.jar;E:\develop\maven\repository\org\springframework\spring-context\5.0.5.RELEASE\spring-context-5.0.5.RELEASE.jar;E:\develop\maven\repository\org\springframework\spring-expression\5.0.5.RELEASE\spring-expression-5.0.5.RELEASE.jar;E:\develop\maven\repository\org\mongodb\mongo-java-driver\3.6.3\mongo-java-driver-3.6.3.jar;E:\develop\maven\repository\org\hibernate\hibernate-core\5.2.16.Final\hibernate-core-5.2.16.Final.jar;E:\develop\maven\repository\org\jboss\logging\jboss-logging\3.3.2.Final\jboss-logging-3.3.2.Final.jar;E:\develop\maven\repository\org\hibernate\javax\persistence\hibernate-jpa-2.1-api\1.0.0.Final\hibernate-jpa-2.1-api-1.0.0.Final.jar;E:\develop\maven\repository\org\javassist\javassist\3.22.0-GA\javassist-3.22.0-GA.jar;E:\develop\maven\repository\antlr\antlr\2.7.7\antlr-2.7.7.jar;E:\develop\maven\repository\org\jboss\spec\javax\transaction\jboss-transaction-api_1.2_spec\1.0.1.Final\jboss-transaction-api_1.2_spec-1.0.1.Final.jar;E:\develop\maven\repository\org\jboss\jandex\2.0.3.Final\jandex-2.0.3.Final.jar;E:\develop\maven\repository\dom4j\dom4j\1.6.1\dom4j-1.6.1.jar;E:\develop\maven\repository\org\hibernate\common\hibernate-commons-annotations\5.0.1.Final\hibernate-commons-annotations-5.0.1.Final.jar;E:\develop\maven\repository\com\wfb\wfb-framework-utils\1.0-SNAPSHOT\wfb-framework-utils-1.0-SNAPSHOT.jar;E:\develop\maven\repository\javax\servlet\javax.servlet-api\3.1.0\javax.servlet-api-3.1.0.jar;E:\develop\maven\repository\org\springframework\boot\spring-boot-starter-logging\2.0.1.RELEASE\spring-boot-starter-logging-2.0.1.RELEASE.jar;E:\develop\maven\repository\ch\qos\logback\logback-classic\1.2.3\logback-classic-1.2.3.jar;E:\develop\maven\repository\ch\qos\logback\logback-core\1.2.3\logback-core-1.2.3.jar;E:\develop\maven\repository\org\apache\logging\log4j\log4j-to-slf4j\2.10.0\log4j-to-slf4j-2.10.0.jar;E:\develop\maven\repository\org\apache\logging\log4j\log4j-api\2.10.0\log4j-api-2.10.0.jar;E:\develop\maven\repository\org\slf4j\jul-to-slf4j\1.7.25\jul-to-slf4j-1.7.25.jar;E:\develop\maven\repository\org\apache\httpcomponents\httpclient\4.5.5\httpclient-4.5.5.jar;E:\develop\maven\repository\org\apache\httpcomponents\httpcore\4.4.9\httpcore-4.4.9.jar;E:\develop\maven\repository\commons-codec\commons-codec\1.10\commons-codec-1.10.jar;E:\develop\maven\repository\net\lingala\zip4j\zip4j\1.3.1\zip4j-1.3.1.jar;E:\develop\maven\repository\org\springframework\security\spring-security-crypto\5.0.4.RELEASE\spring-security-crypto-5.0.4.RELEASE.jar;E:\develop\maven\repository\org\springframework\security\spring-security-jwt\1.0.8.RELEASE\spring-security-jwt-1.0.8.RELEASE.jar;E:\develop\maven\repository\org\bouncycastle\bcpkix-jdk15on\1.56\bcpkix-jdk15on-1.56.jar;E:\develop\maven\repository\org\bouncycastle\bcprov-jdk15on\1.56\bcprov-jdk15on-1.56.jar;E:\develop\maven\repository\org\springframework\boot\spring-boot-starter-web\2.0.1.RELEASE\spring-boot-starter-web-2.0.1.RELEASE.jar;E:\develop\maven\repository\org\springframework\boot\spring-boot-starter\2.0.1.RELEASE\spring-boot-starter-2.0.1.RELEASE.jar;E:\develop\maven\repository\org\springframework\boot\spring-boot\2.0.1.RELEASE\spring-boot-2.0.1.RELEASE.jar;E:\develop\maven\repository\org\springframework\boot\spring-boot-autoconfigure\2.0.1.RELEASE\spring-boot-autoconfigure-2.0.1.RELEASE.jar;E:\develop\maven\repository\javax\annotation\javax.annotation-api\1.3.2\javax.annotation-api-1.3.2.jar;E:\develop\maven\repository\org\yaml\snakeyaml\1.19\snakeyaml-1.19.jar;E:\develop\maven\repository\org\springframework\boot\spring-boot-starter-json\2.0.1.RELEASE\spring-boot-starter-json-2.0.1.RELEASE.jar;E:\develop\maven\repository\com\fasterxml\jackson\core\jackson-databind\2.9.5\jackson-databind-2.9.5.jar;E:\develop\maven\repository\com\fasterxml\jackson\datatype\jackson-datatype-jdk8\2.9.5\jackson-datatype-jdk8-2.9.5.jar;E:\develop\maven\repository\com\fasterxml\jackson\datatype\jackson-datatype-jsr310\2.9.5\jackson-datatype-jsr310-2.9.5.jar;E:\develop\maven\repository\com\fasterxml\jackson\module\jackson-module-parameter-names\2.9.5\jackson-module-parameter-names-2.9.5.jar;E:\develop\maven\repository\org\springframework\boot\spring-boot-starter-tomcat\2.0.1.RELEASE\spring-boot-starter-tomcat-2.0.1.RELEASE.jar;E:\develop\maven\repository\org\apache\tomcat\embed\tomcat-embed-core\8.5.28\tomcat-embed-core-8.5.28.jar;E:\develop\maven\repository\org\apache\tomcat\embed\tomcat-embed-el\8.5.28\tomcat-embed-el-8.5.28.jar;E:\develop\maven\repository\org\apache\tomcat\embed\tomcat-embed-websocket\8.5.28\tomcat-embed-websocket-8.5.28.jar;E:\develop\maven\repository\org\hibernate\validator\hibernate-validator\6.0.9.Final\hibernate-validator-6.0.9.Final.jar;E:\develop\maven\repository\javax\validation\validation-api\2.0.1.Final\validation-api-2.0.1.Final.jar;E:\develop\maven\repository\org\springframework\spring-webmvc\5.0.5.RELEASE\spring-webmvc-5.0.5.RELEASE.jar;E:\develop\maven\repository\org\springframework\spring-aop\5.0.5.RELEASE\spring-aop-5.0.5.RELEASE.jar;E:\develop\maven\repository\org\springframework\boot\spring-boot-starter-test\2.0.1.RELEASE\spring-boot-starter-test-2.0.1.RELEASE.jar;E:\develop\maven\repository\org\springframework\boot\spring-boot-test\2.0.1.RELEASE\spring-boot-test-2.0.1.RELEASE.jar;E:\develop\maven\repository\org\springframework\boot\spring-boot-test-autoconfigure\2.0.1.RELEASE\spring-boot-test-autoconfigure-2.0.1.RELEASE.jar;E:\develop\maven\repository\com\jayway\jsonpath\json-path\2.4.0\json-path-2.4.0.jar;E:\develop\maven\repository\net\minidev\json-smart\2.3\json-smart-2.3.jar;E:\develop\maven\repository\net\minidev\accessors-smart\1.2\accessors-smart-1.2.jar;E:\develop\maven\repository\org\ow2\asm\asm\5.0.4\asm-5.0.4.jar;E:\develop\maven\repository\junit\junit\4.12\junit-4.12.jar;E:\develop\maven\repository\org\assertj\assertj-core\3.9.1\assertj-core-3.9.1.jar;E:\develop\maven\repository\org\mockito\mockito-core\2.15.0\mockito-core-2.15.0.jar;E:\develop\maven\repository\net\bytebuddy\byte-buddy\1.7.11\byte-buddy-1.7.11.jar;E:\develop\maven\repository\net\bytebuddy\byte-buddy-agent\1.7.11\byte-buddy-agent-1.7.11.jar;E:\develop\maven\repository\org\objenesis\objenesis\2.6\objenesis-2.6.jar;E:\develop\maven\repository\org\hamcrest\hamcrest-core\1.3\hamcrest-core-1.3.jar;E:\develop\maven\repository\org\hamcrest\hamcrest-library\1.3\hamcrest-library-1.3.jar;E:\develop\maven\repository\org\skyscreamer\jsonassert\1.5.0\jsonassert-1.5.0.jar;E:\develop\maven\repository\com\vaadin\external\google\android-json\0.0.20131108.vaadin1\android-json-0.0.20131108.vaadin1.jar;E:\develop\maven\repository\org\springframework\spring-core\5.0.5.RELEASE\spring-core-5.0.5.RELEASE.jar;E:\develop\maven\repository\org\springframework\spring-jcl\5.0.5.RELEASE\spring-jcl-5.0.5.RELEASE.jar;E:\develop\maven\repository\org\springframework\spring-test\5.0.5.RELEASE\spring-test-5.0.5.RELEASE.jar;E:\develop\maven\repository\org\xmlunit\xmlunit-core\2.5.1\xmlunit-core-2.5.1.jar;E:\develop\maven\repository\mysql\mysql-connector-java\8.0.11\mysql-connector-java-8.0.11.jar;E:\develop\maven\repository\com\google\protobuf\protobuf-java\2.6.0\protobuf-java-2.6.0.jar;E:\develop\maven\repository\org\mybatis\spring\boot\mybatis-spring-boot-starter\1.3.1\mybatis-spring-boot-starter-1.3.1.jar;E:\develop\maven\repository\org\springframework\boot\spring-boot-starter-jdbc\2.0.1.RELEASE\spring-boot-starter-jdbc-2.0.1.RELEASE.jar;E:\develop\maven\repository\com\zaxxer\HikariCP\2.7.8\HikariCP-2.7.8.jar;E:\develop\maven\repository\org\springframework\spring-jdbc\5.0.5.RELEASE\spring-jdbc-5.0.5.RELEASE.jar;E:\develop\maven\repository\org\mybatis\spring\boot\mybatis-spring-boot-autoconfigure\1.3.1\mybatis-spring-boot-autoconfigure-1.3.1.jar;E:\develop\maven\repository\org\mybatis\mybatis\3.4.5\mybatis-3.4.5.jar;E:\develop\maven\repository\org\mybatis\mybatis-spring\1.3.1\mybatis-spring-1.3.1.jar;E:\develop\maven\repository\org\springframework\boot\spring-boot-starter-data-jpa\2.0.1.RELEASE\spring-boot-starter-data-jpa-2.0.1.RELEASE.jar;E:\develop\maven\repository\org\springframework\boot\spring-boot-starter-aop\2.0.1.RELEASE\spring-boot-starter-aop-2.0.1.RELEASE.jar;E:\develop\maven\repository\org\aspectj\aspectjweaver\1.8.13\aspectjweaver-1.8.13.jar;E:\develop\maven\repository\javax\transaction\javax.transaction-api\1.2\javax.transaction-api-1.2.jar;E:\develop\maven\repository\org\springframework\data\spring-data-jpa\2.0.6.RELEASE\spring-data-jpa-2.0.6.RELEASE.jar;E:\develop\maven\repository\org\springframework\spring-orm\5.0.5.RELEASE\spring-orm-5.0.5.RELEASE.jar;E:\develop\maven\repository\org\springframework\spring-aspects\5.0.5.RELEASE\spring-aspects-5.0.5.RELEASE.jar;E:\develop\maven\repository\com\github\pagehelper\pagehelper\4.0.0\pagehelper-4.0.0.jar;E:\develop\maven\repository\com\github\jsqlparser\jsqlparser\0.9.1\jsqlparser-0.9.1.jar;"/>
    <property name="sun.cpu.endian" value="little"/>
    <property name="user.home" value="C:\Users\Administrator"/>
    <property name="user.language" value="zh"/>
    <property name="java.specification.vendor" value="Oracle Corporation"/>
    <property name="java.home" value="E:\Java\jdk1.8.0_191\jre"/>
    <property name="basedir" value="E:\wfb\wfb-service-market"/>
    <property name="file.separator" value="\"/>
    <property name="line.separator" value="&#10;"/>
    <property name="java.vm.specification.vendor" value="Oracle Corporation"/>
    <property name="java.specification.name" value="Java Platform API Specification"/>
    <property name="java.awt.graphicsenv" value="sun.awt.Win32GraphicsEnvironment"/>
    <property name="surefire.real.class.path" value="C:\Users\ADMINI~1\AppData\Local\Temp\surefire3579778733889330348\surefirebooter4289200931193214524.jar"/>
    <property name="sun.boot.class.path" value="E:\Java\jdk1.8.0_191\jre\lib\resources.jar;E:\Java\jdk1.8.0_191\jre\lib\rt.jar;E:\Java\jdk1.8.0_191\jre\lib\sunrsasign.jar;E:\Java\jdk1.8.0_191\jre\lib\jsse.jar;E:\Java\jdk1.8.0_191\jre\lib\jce.jar;E:\Java\jdk1.8.0_191\jre\lib\charsets.jar;E:\Java\jdk1.8.0_191\jre\lib\jfr.jar;E:\Java\jdk1.8.0_191\jre\classes"/>
    <property name="user.script" value=""/>
    <property name="sun.management.compiler" value="HotSpot 64-Bit Tiered Compilers"/>
    <property name="java.runtime.version" value="1.8.0_191-b12"/>
    <property name="user.name" value="Administrator"/>
    <property name="path.separator" value=";"/>
    <property name="os.version" value="6.1"/>
    <property name="java.endorsed.dirs" value="E:\Java\jdk1.8.0_191\jre\lib\endorsed"/>
    <property name="java.runtime.name" value="Java(TM) SE Runtime Environment"/>
    <property name="file.encoding" value="GBK"/>
    <property name="java.vm.name" value="Java HotSpot(TM) 64-Bit Server VM"/>
    <property name="localRepository" value="E:\develop\maven\repository"/>
    <property name="java.vendor.url.bug" value="http://bugreport.sun.com/bugreport/"/>
    <property name="java.io.tmpdir" value="C:\Users\ADMINI~1\AppData\Local\Temp\"/>
    <property name="idea.version" value="2018.2.5"/>
    <property name="java.version" value="1.8.0_191"/>
    <property name="user.dir" value="E:\wfb\wfb-service-market"/>
    <property name="os.arch" value="amd64"/>
    <property name="java.vm.specification.name" value="Java Virtual Machine Specification"/>
    <property name="java.awt.printerjob" value="sun.awt.windows.WPrinterJob"/>
    <property name="sun.os.patch.level" value="Service Pack 1"/>
    <property name="java.library.path" value="E:\Java\jdk1.8.0_191\jre\bin;C:\Windows\Sun\Java\bin;C:\Windows\system32;C:\Windows;C:\Program Files\nodejs;C:\Program Files\nodejs\npm_modules;E:\develop\MongoDB\Server\4.0\bin;C:\Program Files\MySQL\MySQL Server 8.0\bin;E:\apache-tomcat-8.5.34\bin;E:\apache-maven-3.6.0\bin;E:\Java\jdk1.8.0_191\bin;C:\Program Files (x86)\Common Files\Oracle\Java\javapath;C:\Windows\system32;C:\Windows;C:\Windows\System32\Wbem;C:\Windows\System32\WindowsPowerShell\v1.0\;E:\Git\cmd;E:\TortoiseGit\bin;C:\Program Files\nodejs\;E:\develop\erl9.3\bin;C:\Users\Administrator\AppData\Roaming\npm;C:\Program Files\nodejs\node_modules\npm\bin;;C:\Program Files (x86)\SSH Communications Security\SSH Secure Shell;."/>
    <property name="java.vm.info" value="mixed mode"/>
    <property name="java.vendor" value="Oracle Corporation"/>
    <property name="java.vm.version" value="25.191-b12"/>
    <property name="java.ext.dirs" value="E:\Java\jdk1.8.0_191\jre\lib\ext;C:\Windows\Sun\Java\lib\ext"/>
    <property name="sun.io.unicode.encoding" value="UnicodeLittle"/>
    <property name="maven.repo.local" value="E:\develop\maven\repository"/>
    <property name="java.class.version" value="52.0"/>
  </properties>
  <testcase name="testQuery" classname="com.wfb.manage.test.TestHelper" time="0.148"/>
</testsuite>